This is pdfTeX, Version 3.141592653-2.6-1.40.22 (TeX Live 2022/dev/Debian) (preloaded format=pdflatex 2023.11.2)  13 DEC 2023 18:38
entering extended mode
 restricted \write18 enabled.
 %&-line parsing enabled.
**tp1.tex
(./tp1.tex
LaTeX2e <2021-11-15> patch level 1
L3 programming layer <2022-01-21>
(/usr/share/texlive/texmf-dist/tex/latex/base/article.cls
Document Class: article 2021/10/04 v1.4n Standard LaTeX document class
(/usr/share/texlive/texmf-dist/tex/latex/base/size12.clo
File: size12.clo 2021/10/04 v1.4n Standard LaTeX file (size option)
)
\c@part=\count185
\c@section=\count186
\c@subsection=\count187
\c@subsubsection=\count188
\c@paragraph=\count189
\c@subparagraph=\count190
\c@figure=\count191
\c@table=\count192
\abovecaptionskip=\skip47
\belowcaptionskip=\skip48
\bibindent=\dimen138
)
(/usr/share/texlive/texmf-dist/tex/latex/base/inputenc.sty
Package: inputenc 2021/02/14 v1.3d Input encoding file
\inpenc@prehook=\toks16
\inpenc@posthook=\toks17
)
(/usr/share/texlive/texmf-dist/tex/latex/amsmath/amsmath.sty
Package: amsmath 2021/10/15 v2.17l AMS math features
\@mathmargin=\skip49

For additional information on amsmath, use the `?' option.
(/usr/share/texlive/texmf-dist/tex/latex/amsmath/amstext.sty
Package: amstext 2021/08/26 v2.01 AMS text

(/usr/share/texlive/texmf-dist/tex/latex/amsmath/amsgen.sty
File: amsgen.sty 1999/11/30 v2.0 generic functions
\@emptytoks=\toks18
\ex@=\dimen139
))
(/usr/share/texlive/texmf-dist/tex/latex/amsmath/amsbsy.sty
Package: amsbsy 1999/11/29 v1.2d Bold Symbols
\pmbraise@=\dimen140
)
(/usr/share/texlive/texmf-dist/tex/latex/amsmath/amsopn.sty
Package: amsopn 2021/08/26 v2.02 operator names
)
\inf@bad=\count193
LaTeX Info: Redefining \frac on input line 234.
\uproot@=\count194
\leftroot@=\count195
LaTeX Info: Redefining \overline on input line 399.
\classnum@=\count196
\DOTSCASE@=\count197
LaTeX Info: Redefining \ldots on input line 496.
LaTeX Info: Redefining \dots on input line 499.
LaTeX Info: Redefining \cdots on input line 620.
\Mathstrutbox@=\box50
\strutbox@=\box51
\big@size=\dimen141
LaTeX Font Info:    Redeclaring font encoding OML on input line 743.
LaTeX Font Info:    Redeclaring font encoding OMS on input line 744.
\macc@depth=\count198
\c@MaxMatrixCols=\count199
\dotsspace@=\muskip16
\c@parentequation=\count266
\dspbrk@lvl=\count267
\tag@help=\toks19
\row@=\count268
\column@=\count269
\maxfields@=\count270
\andhelp@=\toks20
\eqnshift@=\dimen142
\alignsep@=\dimen143
\tagshift@=\dimen144
\tagwidth@=\dimen145
\totwidth@=\dimen146
\lineht@=\dimen147
\@envbody=\toks21
\multlinegap=\skip50
\multlinetaggap=\skip51
\mathdisplay@stack=\toks22
LaTeX Info: Redefining \[ on input line 2938.
LaTeX Info: Redefining \] on input line 2939.
)
(/usr/share/texlive/texmf-dist/tex/latex/amsfonts/amsfonts.sty
Package: amsfonts 2013/01/14 v3.01 Basic AMSFonts support
\symAMSa=\mathgroup4
\symAMSb=\mathgroup5
LaTeX Font Info:    Redeclaring math symbol \hbar on input line 98.
LaTeX Font Info:    Overwriting math alphabet `\mathfrak' in version `bold'
(Font)                  U/euf/m/n --> U/euf/b/n on input line 106.
)
(/usr/share/texlive/texmf-dist/tex/latex/amsfonts/amssymb.sty
Package: amssymb 2013/01/14 v3.01 AMS font symbols
)
(/usr/share/texlive/texmf-dist/tex/latex/graphics/graphicx.sty
Package: graphicx 2021/09/16 v1.2d Enhanced LaTeX Graphics (DPC,SPQR)

(/usr/share/texlive/texmf-dist/tex/latex/graphics/keyval.sty
Package: keyval 2014/10/28 v1.15 key=value parser (DPC)
\KV@toks@=\toks23
)
(/usr/share/texlive/texmf-dist/tex/latex/graphics/graphics.sty
Package: graphics 2021/03/04 v1.4d Standard LaTeX Graphics (DPC,SPQR)

(/usr/share/texlive/texmf-dist/tex/latex/graphics/trig.sty
Package: trig 2021/08/11 v1.11 sin cos tan (DPC)
)
(/usr/share/texlive/texmf-dist/tex/latex/graphics-cfg/graphics.cfg
File: graphics.cfg 2016/06/04 v1.11 sample graphics configuration
)
Package graphics Info: Driver file: pdftex.def on input line 107.

(/usr/share/texlive/texmf-dist/tex/latex/graphics-def/pdftex.def
File: pdftex.def 2020/10/05 v1.2a Graphics/color driver for pdftex
))
\Gin@req@height=\dimen148
\Gin@req@width=\dimen149
)
(/usr/share/texmf/tex/latex/lm/lmodern.sty
Package: lmodern 2009/10/30 v1.6 Latin Modern Fonts
LaTeX Font Info:    Overwriting symbol font `operators' in version `normal'
(Font)                  OT1/cmr/m/n --> OT1/lmr/m/n on input line 22.
LaTeX Font Info:    Overwriting symbol font `letters' in version `normal'
(Font)                  OML/cmm/m/it --> OML/lmm/m/it on input line 23.
LaTeX Font Info:    Overwriting symbol font `symbols' in version `normal'
(Font)                  OMS/cmsy/m/n --> OMS/lmsy/m/n on input line 24.
LaTeX Font Info:    Overwriting symbol font `largesymbols' in version `normal'
(Font)                  OMX/cmex/m/n --> OMX/lmex/m/n on input line 25.
LaTeX Font Info:    Overwriting symbol font `operators' in version `bold'
(Font)                  OT1/cmr/bx/n --> OT1/lmr/bx/n on input line 26.
LaTeX Font Info:    Overwriting symbol font `letters' in version `bold'
(Font)                  OML/cmm/b/it --> OML/lmm/b/it on input line 27.
LaTeX Font Info:    Overwriting symbol font `symbols' in version `bold'
(Font)                  OMS/cmsy/b/n --> OMS/lmsy/b/n on input line 28.
LaTeX Font Info:    Overwriting symbol font `largesymbols' in version `bold'
(Font)                  OMX/cmex/m/n --> OMX/lmex/m/n on input line 29.
LaTeX Font Info:    Overwriting math alphabet `\mathbf' in version `normal'
(Font)                  OT1/cmr/bx/n --> OT1/lmr/bx/n on input line 31.
LaTeX Font Info:    Overwriting math alphabet `\mathsf' in version `normal'
(Font)                  OT1/cmss/m/n --> OT1/lmss/m/n on input line 32.
LaTeX Font Info:    Overwriting math alphabet `\mathit' in version `normal'
(Font)                  OT1/cmr/m/it --> OT1/lmr/m/it on input line 33.
LaTeX Font Info:    Overwriting math alphabet `\mathtt' in version `normal'
(Font)                  OT1/cmtt/m/n --> OT1/lmtt/m/n on input line 34.
LaTeX Font Info:    Overwriting math alphabet `\mathbf' in version `bold'
(Font)                  OT1/cmr/bx/n --> OT1/lmr/bx/n on input line 35.
LaTeX Font Info:    Overwriting math alphabet `\mathsf' in version `bold'
(Font)                  OT1/cmss/bx/n --> OT1/lmss/bx/n on input line 36.
LaTeX Font Info:    Overwriting math alphabet `\mathit' in version `bold'
(Font)                  OT1/cmr/bx/it --> OT1/lmr/bx/it on input line 37.
LaTeX Font Info:    Overwriting math alphabet `\mathtt' in version `bold'
(Font)                  OT1/cmtt/m/n --> OT1/lmtt/m/n on input line 38.
)
(/usr/share/texlive/texmf-dist/tex/latex/fancyhdr/fancyhdr.sty
Package: fancyhdr 2021/01/28 v4.0.1 Extensive control of page headers and foote
rs
\f@nch@headwidth=\skip52
\f@nch@O@elh=\skip53
\f@nch@O@erh=\skip54
\f@nch@O@olh=\skip55
\f@nch@O@orh=\skip56
\f@nch@O@elf=\skip57
\f@nch@O@erf=\skip58
\f@nch@O@olf=\skip59
\f@nch@O@orf=\skip60
)
(/usr/share/texlive/texmf-dist/tex/latex/geometry/geometry.sty
Package: geometry 2020/01/02 v5.9 Page Geometry

(/usr/share/texlive/texmf-dist/tex/generic/iftex/ifvtex.sty
Package: ifvtex 2019/10/25 v1.7 ifvtex legacy package. Use iftex instead.

(/usr/share/texlive/texmf-dist/tex/generic/iftex/iftex.sty
Package: iftex 2020/03/06 v1.0d TeX engine tests
))
\Gm@cnth=\count271
\Gm@cntv=\count272
\c@Gm@tempcnt=\count273
\Gm@bindingoffset=\dimen150
\Gm@wd@mp=\dimen151
\Gm@odd@mp=\dimen152
\Gm@even@mp=\dimen153
\Gm@layoutwidth=\dimen154
\Gm@layoutheight=\dimen155
\Gm@layouthoffset=\dimen156
\Gm@layoutvoffset=\dimen157
\Gm@dimlist=\toks24
)
LaTeX Font Info:    Trying to load font information for OT1+lmr on input line 1
6.

(/usr/share/texmf/tex/latex/lm/ot1lmr.fd
File: ot1lmr.fd 2009/10/30 v1.6 Font defs for Latin Modern
)
(/usr/share/texlive/texmf-dist/tex/latex/l3backend/l3backend-pdftex.def
File: l3backend-pdftex.def 2022-01-12 L3 backend support: PDF output (pdfTeX)
\l__color_backend_stack_int=\count274
\l__pdf_internal_box=\box52
)
(./tp1.aux)
\openout1 = `tp1.aux'.

LaTeX Font Info:    Checking defaults for OML/cmm/m/it on input line 16.
LaTeX Font Info:    ... okay on input line 16.
LaTeX Font Info:    Checking defaults for OMS/cmsy/m/n on input line 16.
LaTeX Font Info:    ... okay on input line 16.
LaTeX Font Info:    Checking defaults for OT1/cmr/m/n on input line 16.
LaTeX Font Info:    ... okay on input line 16.
LaTeX Font Info:    Checking defaults for T1/cmr/m/n on input line 16.
LaTeX Font Info:    ... okay on input line 16.
LaTeX Font Info:    Checking defaults for TS1/cmr/m/n on input line 16.
LaTeX Font Info:    ... okay on input line 16.
LaTeX Font Info:    Checking defaults for OMX/cmex/m/n on input line 16.
LaTeX Font Info:    ... okay on input line 16.
LaTeX Font Info:    Checking defaults for U/cmr/m/n on input line 16.
LaTeX Font Info:    ... okay on input line 16.
 (/usr/share/texlive/texmf-dist/tex/context/base/mkii/supp-pdf.mkii
[Loading MPS to PDF converter (version 2006.09.02).]
\scratchcounter=\count275
\scratchdimen=\dimen158
\scratchbox=\box53
\nofMPsegments=\count276
\nofMParguments=\count277
\everyMPshowfont=\toks25
\MPscratchCnt=\count278
\MPscratchDim=\dimen159
\MPnumerator=\count279
\makeMPintoPDFobject=\count280
\everyMPtoPDFconversion=\toks26
) (/usr/share/texlive/texmf-dist/tex/latex/epstopdf-pkg/epstopdf-base.sty
Package: epstopdf-base 2020-01-24 v2.11 Base part for package epstopdf
Package epstopdf-base Info: Redefining graphics rule for `.eps' on input line 4
85.

(/usr/share/texlive/texmf-dist/tex/latex/latexconfig/epstopdf-sys.cfg
File: epstopdf-sys.cfg 2010/07/13 v1.3 Configuration of (r)epstopdf for TeX Liv
e
))
*geometry* driver: auto-detecting
*geometry* detected driver: pdftex
*geometry* verbose mode - [ preamble ] result:
* driver: pdftex
* paper: b5paper
* layout: <same size as paper>
* layoutoffset:(h,v)=(0.0pt,0.0pt)
* modes: 
* h-part:(L,W,R)=(56.9055pt, 386.95749pt, 56.9055pt)
* v-part:(T,H,B)=(56.9055pt, 640.18703pt, 14.22636pt)
* \paperwidth=500.7685pt
* \paperheight=711.3189pt
* \textwidth=386.95749pt
* \textheight=640.18703pt
* \oddsidemargin=-15.36449pt
* \evensidemargin=-15.36449pt
* \topmargin=-52.36449pt
* \headheight=12.0pt
* \headsep=25.0pt
* \topskip=12.0pt
* \footskip=30.0pt
* \marginparwidth=4.0pt
* \marginparsep=10.0pt
* \columnsep=10.0pt
* \skip\footins=10.8pt plus 4.0pt minus 2.0pt
* \hoffset=0.0pt
* \voffset=0.0pt
* \mag=1000
* \@twocolumnfalse
* \@twosidefalse
* \@mparswitchfalse
* \@reversemarginfalse
* (1in=72.27pt=25.4mm, 1cm=28.453pt)


Overfull \hbox (2.90582pt too wide) in paragraph at lines 21--22
\OT1/lmr/m/n/12 Les fonc-tions SQL ex^^Secutent une liste ar-bi-traire d'instru
ctions SQL,renvoyant
 []


Underfull \hbox (badness 10000) in paragraph at lines 24--25

 []

<ifnti.png, id=1, 780.9175pt x 172.645pt>
File: ifnti.png Graphic file (type png)
<use ifnti.png>
Package pdftex.def Info: ifnti.png  used on input line 26.
(pdftex.def)             Requested size: 390.4578pt x 86.32228pt.

Overfull \hbox (21.12512pt too wide) in paragraph at lines 26--27
[][] 
 []

<er1.png, id=3, 794.97pt x 116.435pt>
File: er1.png Graphic file (type png)
<use er1.png>
Package pdftex.def Info: er1.png  used on input line 31.
(pdftex.def)             Requested size: 397.48402pt x 58.21735pt.

Overfull \hbox (10.52654pt too wide) in paragraph at lines 29--33
[]
 []


Package fancyhdr Warning: \headheight is too small (12.0pt): 
(fancyhdr)                Make it at least 14.49998pt, for example:
(fancyhdr)                \setlength{\headheight}{14.49998pt}.
(fancyhdr)                You might also make \topmargin smaller to compensate:

(fancyhdr)                \addtolength{\topmargin}{-2.49998pt}.

[1{/var/lib/texmf/fonts/map/pdftex/updmap/pdftex.map}

 <./ifnti.png> <./er1.png>]
<erreur_insert_etudiant.png, id=13, 733.74126pt x 255.95625pt>
File: erreur_insert_etudiant.png Graphic file (type png)
<use erreur_insert_etudiant.png>
Package pdftex.def Info: erreur_insert_etudiant.png  used on input line 34.
(pdftex.def)             Requested size: 366.86974pt x 127.9778pt.
<fonc.png, id=14, 794.97pt x 116.435pt>
File: fonc.png Graphic file (type png)
<use fonc.png>
Package pdftex.def Info: fonc.png  used on input line 37.
(pdftex.def)             Requested size: 397.48402pt x 58.21735pt.

Overfull \hbox (28.15135pt too wide) in paragraph at lines 37--38
[][] 
 []


Underfull \hbox (badness 10000) in paragraph at lines 37--38

 []


Underfull \hbox (badness 10000) in paragraph at lines 39--40

 []

<insert_etudiant.png, id=15, 392.46625pt x 336.25626pt>
File: insert_etudiant.png Graphic file (type png)
<use insert_etudiant.png>
Package pdftex.def Info: insert_etudiant.png  used on input line 41.
(pdftex.def)             Requested size: 196.23264pt x 168.12772pt.

Package fancyhdr Warning: \headheight is too small (12.0pt): 
(fancyhdr)                Make it at least 14.49998pt, for example:
(fancyhdr)                \setlength{\headheight}{14.49998pt}.
(fancyhdr)                You might also make \topmargin smaller to compensate:

(fancyhdr)                \addtolength{\topmargin}{-2.49998pt}.

[2 <./erreur_insert_etudiant.png> <./fonc.png> <./insert_etudiant.png>]
Underfull \hbox (badness 10000) in paragraph at lines 47--48

 []

<var.png, id=22, 538.01pt x 87.32625pt>
File: var.png Graphic file (type png)
<use var.png>
Package pdftex.def Info: var.png  used on input line 49.
(pdftex.def)             Requested size: 269.00433pt x 43.66301pt.

Underfull \hbox (badness 10000) in paragraph at lines 49--50

 []

<res.png, id=23, 118.4425pt x 115.43124pt>
File: res.png Graphic file (type png)
<use res.png>
Package pdftex.def Info: res.png  used on input line 51.
(pdftex.def)             Requested size: 71.06604pt x 69.25926pt.

Underfull \hbox (badness 10000) in paragraph at lines 53--54

 []

<nom_.png, id=24, 678.535pt x 83.31125pt>
File: nom_.png Graphic file (type png)
<use nom_.png>
Package pdftex.def Info: nom_.png  used on input line 55.
(pdftex.def)             Requested size: 407.12415pt x 49.98712pt.

Overfull \hbox (37.79147pt too wide) in paragraph at lines 55--56
[][] 
 []


Underfull \hbox (badness 10000) in paragraph at lines 55--56

 []

<ensei.png, id=25, 194.7275pt x 142.5325pt>
File: ensei.png Graphic file (type png)
<use ensei.png>
Package pdftex.def Info: ensei.png  used on input line 57.
(pdftex.def)             Requested size: 116.83739pt x 85.52014pt.

Underfull \hbox (badness 10000) in paragraph at lines 61--63

 []


Package fancyhdr Warning: \headheight is too small (12.0pt): 
(fancyhdr)                Make it at least 14.49998pt, for example:
(fancyhdr)                \setlength{\headheight}{14.49998pt}.
(fancyhdr)                You might also make \topmargin smaller to compensate:

(fancyhdr)                \addtolength{\topmargin}{-2.49998pt}.

[3 <./var.png> <./res.png> <./nom_.png> <./ensei.png>]
<out.png, id=33, 856.19875pt x 84.315pt>
File: out.png Graphic file (type png)
<use out.png>
Package pdftex.def Info: out.png  used on input line 64.
(pdftex.def)             Requested size: 428.09833pt x 42.15738pt.

Overfull \hbox (58.76566pt too wide) in paragraph at lines 64--65
[][] 
 []


Underfull \hbox (badness 10000) in paragraph at lines 64--65

 []

<out1.png, id=34, 191.71625pt x 157.58875pt>
File: out1.png Graphic file (type png)
<use out1.png>
Package pdftex.def Info: out1.png  used on input line 66.
(pdftex.def)             Requested size: 115.03062pt x 94.55397pt.
<out2.png, id=35, 805.0075pt x 110.4125pt>
File: out2.png Graphic file (type png)
<use out2.png>
Package pdftex.def Info: out2.png  used on input line 70.
(pdftex.def)             Requested size: 483.00824pt x 66.248pt.
<out3.png, id=36, 740.7675pt x 139.52126pt>
File: out3.png Graphic file (type png)
<use out3.png>
Package pdftex.def Info: out3.png  used on input line 71.
(pdftex.def)             Requested size: 444.46393pt x 83.7134pt.

Overfull \hbox (96.05075pt too wide) in paragraph at lines 69--72
[] 
 []


Overfull \hbox (57.50644pt too wide) in paragraph at lines 69--72
[] 
 []


Underfull \hbox (badness 10000) in paragraph at lines 69--72

 []


Underfull \hbox (badness 10000) in paragraph at lines 75--76

 []


Underfull \hbox (badness 10000) in paragraph at lines 77--78

 []


Package fancyhdr Warning: \headheight is too small (12.0pt): 
(fancyhdr)                Make it at least 14.49998pt, for example:
(fancyhdr)                \setlength{\headheight}{14.49998pt}.
(fancyhdr)                You might also make \topmargin smaller to compensate:

(fancyhdr)                \addtolength{\topmargin}{-2.49998pt}.

[4 <./out.png> <./out1.png> <./out2.png> <./out3.png>]
<ca.png, id=44, 761.84625pt x 83.31125pt>
File: ca.png Graphic file (type png)
<use ca.png>
Package pdftex.def Info: ca.png  used on input line 80.
(pdftex.def)             Requested size: 380.9222pt x 41.65552pt.

Overfull \hbox (11.58952pt too wide) in paragraph at lines 80--82
[][] 
 []


Underfull \hbox (badness 10000) in paragraph at lines 80--82

 []

<erreur_setop.png, id=45, 740.7675pt x 103.38625pt>
File: erreur_setop.png Graphic file (type png)
<use erreur_setop.png>
Package pdftex.def Info: erreur_setop.png  used on input line 84.
(pdftex.def)             Requested size: 370.38284pt x 51.693pt.

Overfull \hbox (1.05017pt too wide) in paragraph at lines 84--85
[][] 
 []


Underfull \hbox (badness 10000) in paragraph at lines 84--85

 []


Underfull \hbox (badness 10000) in paragraph at lines 86--87

 []

<select.png, id=46, 760.8425pt x 88.33pt>
File: select.png Graphic file (type png)
<use select.png>
Package pdftex.def Info: select.png  used on input line 91.
(pdftex.def)             Requested size: 380.42032pt x 44.16489pt.

Overfull \hbox (11.08765pt too wide) in paragraph at lines 91--92
[][] 
 []


Underfull \hbox (badness 10000) in paragraph at lines 91--92

 []

<resul_setof.png, id=47, 260.975pt x 189.70876pt>
File: resul_setof.png Graphic file (type png)
<use resul_setof.png>
Package pdftex.def Info: resul_setof.png  used on input line 96.
(pdftex.def)             Requested size: 130.48718pt x 94.85414pt.

Package fancyhdr Warning: \headheight is too small (12.0pt): 
(fancyhdr)                Make it at least 14.49998pt, for example:
(fancyhdr)                \setlength{\headheight}{14.49998pt}.
(fancyhdr)                You might also make \topmargin smaller to compensate:

(fancyhdr)                \addtolength{\topmargin}{-2.49998pt}.

[5 <./ca.png> <./erreur_setop.png> <./select.png> <./resul_setof.png>]
Underfull \hbox (badness 10000) in paragraph at lines 100--101

 []

<pr.png, id=55, 751.80875pt x 131.49126pt>
File: pr.png Graphic file (type png)
<use pr.png>
Package pdftex.def Info: pr.png  used on input line 102.
(pdftex.def)             Requested size: 375.90344pt x 65.74545pt.

Overfull \hbox (6.57077pt too wide) in paragraph at lines 102--103
[][] 
 []


Underfull \hbox (badness 10000) in paragraph at lines 102--103

 []

<pro.png, id=56, 192.72pt x 158.5925pt>
File: pro.png Graphic file (type png)
<use pro.png>
Package pdftex.def Info: pro.png  used on input line 104.
(pdftex.def)             Requested size: 96.35976pt x 79.29604pt.
<tables.png, id=57, 743.77875pt x 73.27374pt>
File: tables.png Graphic file (type png)
<use tables.png>
Package pdftex.def Info: tables.png  used on input line 111.
(pdftex.def)             Requested size: 371.88846pt x 36.63676pt.

Overfull \hbox (8.78722pt too wide) in paragraph at lines 110--112
\OT1/lmr/m/n/12 Dans cette par-tie nous al-lons cr^^See une ta-ble per-sonne(id
personne,nom,prenom)
 []


Underfull \hbox (badness 10000) in paragraph at lines 110--112

 []

<ta.png, id=58, 328.22626pt x 199.74625pt>
File: ta.png Graphic file (type png)
<use ta.png>
Package pdftex.def Info: ta.png  used on input line 113.
(pdftex.def)             Requested size: 164.11272pt x 99.87288pt.
<in.png, id=59, 896.34875pt x 122.4575pt>
File: in.png Graphic file (type png)
<use in.png>
Package pdftex.def Info: in.png  used on input line 122.
(pdftex.def)             Requested size: 448.17328pt x 61.22859pt.

Overfull \hbox (78.8406pt too wide) in paragraph at lines 122--123
[][] 
 []


Underfull \hbox (badness 10000) in paragraph at lines 122--123

 []


Package fancyhdr Warning: \headheight is too small (12.0pt): 
(fancyhdr)                Make it at least 14.49998pt, for example:
(fancyhdr)                \setlength{\headheight}{14.49998pt}.
(fancyhdr)                You might also make \topmargin smaller to compensate:

(fancyhdr)                \addtolength{\topmargin}{-2.49998pt}.

[6 <./pr.png> <./pro.png> <./tables.png> <./ta.png>]

Package fancyhdr Warning: \headheight is too small (12.0pt): 
(fancyhdr)                Make it at least 14.49998pt, for example:
(fancyhdr)                \setlength{\headheight}{14.49998pt}.
(fancyhdr)                You might also make \topmargin smaller to compensate:

(fancyhdr)                \addtolength{\topmargin}{-2.49998pt}.

[7 <./in.png>]
<t.png, id=72, 304.13625pt x 276.03125pt>
File: t.png Graphic file (type png)
<use t.png>
Package pdftex.def Info: t.png  used on input line 125.
(pdftex.def)             Requested size: 152.06775pt x 138.01527pt.

Overfull \hbox (39.76686pt too wide) in paragraph at lines 128--129
\OT1/lmr/m/n/12 point le nom du champ ou (table-name.colonne-composite-name.nom
-champ).notons
 []

<nom.png, id=73, 176.66pt x 151.56625pt>
File: nom.png Graphic file (type png)
<use nom.png>
Package pdftex.def Info: nom.png  used on input line 132.
(pdftex.def)             Requested size: 88.32977pt x 75.78293pt.
<pre.png, id=74, 176.66pt x 151.56625pt>
File: pre.png Graphic file (type png)
<use pre.png>
Package pdftex.def Info: pre.png  used on input line 137.
(pdftex.def)             Requested size: 88.32977pt x 75.78293pt.

Package fancyhdr Warning: \headheight is too small (12.0pt): 
(fancyhdr)                Make it at least 14.49998pt, for example:
(fancyhdr)                \setlength{\headheight}{14.49998pt}.
(fancyhdr)                You might also make \topmargin smaller to compensate:

(fancyhdr)                \addtolength{\topmargin}{-2.49998pt}.

[8 <./t.png> <./nom.png> <./pre.png>] (./tp1.aux) ) 
Here is how much of TeX's memory you used:
 3541 strings out of 480204
 52845 string characters out of 5895010
 341374 words of memory out of 5000000
 21486 multiletter control sequences out of 15000+600000
 487254 words of font info for 35 fonts, out of 8000000 for 9000
 36 hyphenation exceptions out of 8191
 55i,12n,62p,340b,216s stack positions out of 5000i,500n,10000p,200000b,80000s
{/usr/share/texmf/fonts/enc/
dvips/lm/lm-rm.enc}</usr/share/texmf/fonts/type1/public/lm/lmbx12.pfb></usr/sha
re/texmf/fonts/type1/public/lm/lmr12.pfb>
Output written on tp1.pdf (8 pages, 408728 bytes).
PDF statistics:
 93 PDF objects out of 1000 (max. 8388607)
 28 compressed objects within 1 object stream
 0 named destinations out of 1000 (max. 500000)
 126 words of extra memory for PDF output out of 10000 (max. 10000000)

